
[2013-10-06 18:49:56] - F:\Documents and Settings\Jakub\Pulpit\ncn\api\init.php, line: 38, msg: Uncaught exception 'Exception' with message 'exception 'PDOException' with message 'SQLSTATE[42S02]: Base table or view not found: 1146 Table 'ncn.wp_posts' doesn't exist' in F:\Documents and Settings\Jakub\Pulpit\ncn\api\database\PostDao.php:35
Stack trace:
#0 F:\Documents and Settings\Jakub\Pulpit\ncn\api\database\PostDao.php(35): PDOStatement->execute()
#1 F:\Documents and Settings\Jakub\Pulpit\ncn\api\controllers\NewsController.php(12): PostDao->getAll('post', 0)
#2 F:\Documents and Settings\Jakub\Pulpit\ncn\api\core\Context.php(47): NewsController->get(Object(Context))
#3 F:\Documents and Settings\Jakub\Pulpit\ncn\api\init.php(34): Context->callMethod(Array)
#4 F:\Documents and Settings\Jakub\Pulpit\ncn\index.php(1): require('F:\Documents an...')
#5 {main}' in F:\Documents and Settings\Jakub\Pulpit\ncn\api\init.php:38
Stack trace:
#0 F:\Documents and Settings\Jakub\Pulpit\ncn\index.php(1): require()
#1 {main}
  thrown
[2013-10-06 18:50:14] - F:\Documents and Settings\Jakub\Pulpit\ncn\api\init.php, line: 38, msg: Uncaught exception 'Exception' with message 'exception 'PDOException' with message 'SQLSTATE[42S02]: Base table or view not found: 1146 Table 'ncn.wp_posts' doesn't exist' in F:\Documents and Settings\Jakub\Pulpit\ncn\api\database\PostDao.php:35
Stack trace:
#0 F:\Documents and Settings\Jakub\Pulpit\ncn\api\database\PostDao.php(35): PDOStatement->execute()
#1 F:\Documents and Settings\Jakub\Pulpit\ncn\api\controllers\NewsController.php(12): PostDao->getAll('post', 0)
#2 F:\Documents and Settings\Jakub\Pulpit\ncn\api\core\Context.php(47): NewsController->get(Object(Context))
#3 F:\Documents and Settings\Jakub\Pulpit\ncn\api\init.php(34): Context->callMethod(Array)
#4 F:\Documents and Settings\Jakub\Pulpit\ncn\index.php(1): require('F:\Documents an...')
#5 {main}' in F:\Documents and Settings\Jakub\Pulpit\ncn\api\init.php:38
Stack trace:
#0 F:\Documents and Settings\Jakub\Pulpit\ncn\index.php(1): require()
#1 {main}
  thrown
[2013-10-06 18:51:55] - F:\Documents and Settings\Jakub\Pulpit\ncn\api\init.php, line: 38, msg: Uncaught exception 'Exception' with message 'exception 'PDOException' with message 'SQLSTATE[42S02]: Base table or view not found: 1146 Table 'ncn.wp_posts' doesn't exist' in F:\Documents and Settings\Jakub\Pulpit\ncn\api\database\PostDao.php:35
Stack trace:
#0 F:\Documents and Settings\Jakub\Pulpit\ncn\api\database\PostDao.php(35): PDOStatement->execute()
#1 F:\Documents and Settings\Jakub\Pulpit\ncn\api\controllers\NewsController.php(12): PostDao->getAll('post', 0)
#2 F:\Documents and Settings\Jakub\Pulpit\ncn\api\core\Context.php(47): NewsController->get(Object(Context))
#3 F:\Documents and Settings\Jakub\Pulpit\ncn\api\init.php(34): Context->callMethod(Array)
#4 F:\Documents and Settings\Jakub\Pulpit\ncn\index.php(1): require('F:\Documents an...')
#5 {main}' in F:\Documents and Settings\Jakub\Pulpit\ncn\api\init.php:38
Stack trace:
#0 F:\Documents and Settings\Jakub\Pulpit\ncn\index.php(1): require()
#1 {main}
  thrown
[2013-10-06 19:18:41] - F:\Documents and Settings\Jakub\Pulpit\ncn\api\init.php, line: 38, msg: Uncaught exception 'Exception' with message 'exception 'PDOException' with message 'SQLSTATE[42S02]: Base table or view not found: 1146 Table 'ncn.wp_posts' doesn't exist' in F:\Documents and Settings\Jakub\Pulpit\ncn\api\database\PostDao.php:35
Stack trace:
#0 F:\Documents and Settings\Jakub\Pulpit\ncn\api\database\PostDao.php(35): PDOStatement->execute()
#1 F:\Documents and Settings\Jakub\Pulpit\ncn\api\controllers\NewsController.php(12): PostDao->getAll('post', 0)
#2 F:\Documents and Settings\Jakub\Pulpit\ncn\api\core\Context.php(47): NewsController->get(Object(Context))
#3 F:\Documents and Settings\Jakub\Pulpit\ncn\api\init.php(34): Context->callMethod(Array)
#4 F:\Documents and Settings\Jakub\Pulpit\ncn\index.php(1): require('F:\Documents an...')
#5 {main}' in F:\Documents and Settings\Jakub\Pulpit\ncn\api\init.php:38
Stack trace:
#0 F:\Documents and Settings\Jakub\Pulpit\ncn\index.php(1): require()
#1 {main}
  thrown
[2013-10-06 21:35:35] - F:\Documents and Settings\Jakub\Pulpit\ncn\api\database\PostDao.php, line: 67, msg: Call to a member function execute() on a non-object
[2013-10-06 21:35:44] - F:\Documents and Settings\Jakub\Pulpit\ncn\api\database\PostDao.php, line: 67, msg: Call to a member function execute() on a non-object
[2013-10-06 21:35:45] - F:\Documents and Settings\Jakub\Pulpit\ncn\api\database\PostDao.php, line: 67, msg: Call to a member function execute() on a non-object
[2013-10-06 21:39:08] - F:\Documents and Settings\Jakub\Pulpit\ncn\templates\news.html, line: 4, msg: Cannot use object of type stdClass as array
[2013-10-06 21:39:17] - F:\Documents and Settings\Jakub\Pulpit\ncn\templates\news.html, line: 4, msg: Cannot use object of type stdClass as array
[2013-10-06 21:51:50] - F:\Documents and Settings\Jakub\Pulpit\ncn\api\controllers\NewsController.php, line: 15, msg: Can't use method return value in write context
[2013-10-06 21:52:03] - F:\Documents and Settings\Jakub\Pulpit\ncn\api\controllers\NewsController.php, line: 15, msg: Can't use method return value in write context
[2013-10-06 21:52:20] - F:\Documents and Settings\Jakub\Pulpit\ncn\api\controllers\NewsController.php, line: 15, msg: Can't use method return value in write context
[2013-10-06 21:52:21] - F:\Documents and Settings\Jakub\Pulpit\ncn\api\controllers\NewsController.php, line: 15, msg: Can't use method return value in write context
[2013-10-06 21:54:16] - F:\Documents and Settings\Jakub\Pulpit\ncn\api\controllers\NewsController.php, line: 17, msg: Cannot use object of type stdClass as array